{"level":"error","message":"ERROR! /failRegister"}
{"level":"error","message":"ERROR! /failRegister"}
{"level":"error","message":"ERROR! /failRegister"}
{"level":"error","message":"ERROR! /failLogin"}
{"level":"error","message":"ERROR! /failLogin"}
{"level":"error","message":"ERROR! /failRegister"}
{"level":"error","message":"ERROR! /failLogin"}
{"level":"error","message":"ERROR! /failLogin"}
{"level":"error","message":"ERROR! /failRegister"}
{"level":"error","message":"ERROR! /failLogin"}
{"level":"error","message":"ERROR! /failLogin"}
{"level":"error","message":"ERROR! /failLogin"}
{"level":"error","message":"ERROR! /failLogin"}
{"level":"error","message":"ERROR! /failLogin"}
{"level":"error","message":"ERROR! /failLogin"}
{"level":"error","message":"ERROR! /failLogin"}
{"level":"error","message":"ERROR! /failLogin"}
{"level":"error","message":"ERROR! /failLogin"}
{"level":"error","message":"ERROR! /failLogin"}
{"level":"error","message":"ERROR! /failLogin"}
{"level":"error","message":"ERROR! /failLogin"}
{"level":"error","message":"ERROR! /failLogin"}
{"level":"error","message":"Alerta! URL: /api/registro/register inexistente"}
{"level":"error","message":"ERROR! /failRegister"}
{"level":"error","message":"Alerta! URL: /api/logeo/login inexistente"}
{"level":"error","message":"ERROR! /failLogin"}
{"level":"error","message":"ERROR! /failLogin"}
{"level":"error","message":"Alerta! URL: /api/productos/productos-test inexistente"}
{"level":"error","message":"Alerta! URL: /api/registro/failRegister inexistente"}
{"level":"error","message":"Alerta! URL: /api/registro/successRegister inexistente"}
{"level":"error","message":"ERROR! /failRegister"}
{"level":"error","message":"ERROR! /failRegister"}
{"level":"error","message":"ERROR! /failRegister"}
{"level":"error","message":"ERROR! /failRegister"}
{"level":"error","message":"ERROR! /failRegister"}
{"level":"error","message":"ERROR! /failRegister"}
{"level":"error","message":"ERROR! /failRegister"}
